2023-07-25 13:56:14 [INFO] [main] [c.y.a.AutoClockApplication][50]  Starting AutoClockApplication on yanggu with PID 21060 (D:\yangdong\project\auto_clock\target\classes started by 86159 in D:\yangdong\project\auto_clock)
2023-07-25 13:56:14 [INFO] [main] [c.y.a.AutoClockApplication][659]  No active profile set, falling back to default profiles: default
2023-07-25 13:56:15 [INFO] [main] [o.s.b.w.s.c.AnnotationConfigServletWebServerApplicationContext][590]  Refreshing org.springframework.boot.web.servlet.context.AnnotationConfigServletWebServerApplicationContext@35d08e6c: startup date [Tue Jul 25 13:56:15 CST 2023]; root of context hierarchy
2023-07-25 13:56:16 [INFO] [main] [o.s.b.w.e.t.TomcatWebServer][91]  Tomcat initialized with port(s): 8080 (http)
2023-07-25 13:56:16 [INFO] [main] [o.a.c.h.Http11NioProtocol][180]  Initializing ProtocolHandler ["http-nio-8080"]
2023-07-25 13:56:16 [INFO] [main] [o.a.c.c.StandardService][180]  Starting service [Tomcat]
2023-07-25 13:56:16 [INFO] [main] [o.a.c.c.StandardEngine][180]  Starting Servlet Engine: Apache Tomcat/8.5.31
2023-07-25 13:56:16 [INFO] [tartStop-1] [o.a.c.c.AprLifecycleListener][180]  The APR based Apache Tomcat Native library which allows optimal performance in production environments was not found on the java.library.path: [C:\Program Files\Java\jdk1.8.0_161\bin;C:\WINDOWS\Sun\Java\bin;C:\WINDOWS\system32;C:\WINDOWS;C:\ProgramData\Oracle\Java\javapath;C:\Windows\system32;C:\Windows;C:\Windows\System32\Wbem;C:\Windows\System32\WindowsPowerShell\v1.0\;C:\Windows\System32\OpenSSH\;C:\Program Files (x86)\NVIDIA Corporation\PhysX\Common;C:\Program Files\NVIDIA Corporation\NVIDIA NvDLISR;C:\Program Files\Java\jdk1.8.0_161\bin;D:\WorkShangYou\tool\apache-maven-3.6.1-bin\apache-maven-3.6.1\bin;C:\WINDOWS\system32;C:\WINDOWS;C:\WINDOWS\System32\Wbem;C:\WINDOWS\System32\WindowsPowerShell\v1.0\;C:\WINDOWS\System32\OpenSSH\;C:\Program Files\Git\cmd;D:\WorkShangYou\tool\curl\curl-7.76.1-win64-mingw\I386;D:\WorkShangYou\tool\curl\curl-7.76.1-win64-mingw\lib;D:\WorkShangYou\tool\kubectl;D:\yangdong\project\Elasti\elasticsearch-5.5.1\bin;C:\Program Files\nodejs\;C:\Users\86159\AppData\Local\Programs\Python\Python311\Scripts\;C:\Users\86159\AppData\Local\Programs\Python\Python311\;C:\Users\86159\AppData\Local\Microsoft\WindowsApps;C:\Users\86159\AppData\Roaming\npm;;.]
2023-07-25 13:56:16 [INFO] [tartStop-1] [o.a.c.c.C.[.[.[/]][180]  Initializing Spring embedded WebApplicationContext
2023-07-25 13:56:16 [INFO] [tartStop-1] [o.s.w.c.ContextLoader][285]  Root WebApplicationContext: initialization completed in 1109 ms
2023-07-25 13:56:16 [INFO] [tartStop-1] [o.s.b.w.s.FilterRegistrationBean][244]  Mapping filter: 'characterEncodingFilter' to: [/*]
2023-07-25 13:56:16 [INFO] [tartStop-1] [o.s.b.w.s.FilterRegistrationBean][244]  Mapping filter: 'hiddenHttpMethodFilter' to: [/*]
2023-07-25 13:56:16 [INFO] [tartStop-1] [o.s.b.w.s.FilterRegistrationBean][244]  Mapping filter: 'httpPutFormContentFilter' to: [/*]
2023-07-25 13:56:16 [INFO] [tartStop-1] [o.s.b.w.s.FilterRegistrationBean][244]  Mapping filter: 'requestContextFilter' to: [/*]
2023-07-25 13:56:16 [INFO] [tartStop-1] [o.s.b.w.s.DelegatingFilterProxyRegistrationBean][244]  Mapping filter: 'springSecurityFilterChain' to: [/*]
2023-07-25 13:56:16 [INFO] [tartStop-1] [o.s.b.w.s.ServletRegistrationBean][185]  Servlet dispatcherServlet mapped to [/]
2023-07-25 13:56:16 [INFO] [main] [o.s.w.s.m.m.a.RequestMappingHandlerMapping][547]  Mapped "{[/clock/user/Records],methods=[POST]}" onto public com.yang.auto.util.HttpResult com.yang.auto.controller.ClockController.userRecords(com.yang.auto.entity.UserClock)
2023-07-25 13:56:16 [INFO] [main] [o.s.w.s.m.m.a.RequestMappingHandlerMapping][547]  Mapped "{[/clock/user//gong/operation],methods=[POST]}" onto public com.yang.auto.util.HttpResult com.yang.auto.controller.ClockController.userClock(com.yang.auto.entity.UserClock)
2023-07-25 13:56:16 [INFO] [main] [o.s.w.s.m.m.a.RequestMappingHandlerMapping][547]  Mapped "{[/clock/user/zhi/operation],methods=[POST]}" onto public com.yang.auto.util.HttpResult com.yang.auto.controller.ClockController.userZhiClock(com.yang.auto.entity.UserClock)
2023-07-25 13:56:16 [INFO] [main] [o.s.w.s.m.m.a.RequestMappingHandlerMapping][547]  Mapped "{[/swagger-resources/configuration/security]}" onto public org.springframework.http.ResponseEntity<springfox.documentation.swagger.web.SecurityConfiguration> springfox.documentation.swagger.web.ApiResourceController.securityConfiguration()
2023-07-25 13:56:16 [INFO] [main] [o.s.w.s.m.m.a.RequestMappingHandlerMapping][547]  Mapped "{[/swagger-resources/configuration/ui]}" onto public org.springframework.http.ResponseEntity<springfox.documentation.swagger.web.UiConfiguration> springfox.documentation.swagger.web.ApiResourceController.uiConfiguration()
2023-07-25 13:56:16 [INFO] [main] [o.s.w.s.m.m.a.RequestMappingHandlerMapping][547]  Mapped "{[/swagger-resources]}" onto public org.springframework.http.ResponseEntity<java.util.List<springfox.documentation.swagger.web.SwaggerResource>> springfox.documentation.swagger.web.ApiResourceController.swaggerResources()
2023-07-25 13:56:16 [INFO] [main] [o.s.w.s.m.m.a.RequestMappingHandlerMapping][547]  Mapped "{[/error]}" onto public org.springframework.http.ResponseEntity<java.util.Map<java.lang.String, java.lang.Object>> org.springframework.boot.autoconfigure.web.servlet.error.BasicErrorController.error(javax.servlet.http.HttpServletRequest)
2023-07-25 13:56:16 [INFO] [main] [o.s.w.s.m.m.a.RequestMappingHandlerMapping][547]  Mapped "{[/error],produces=[text/html]}" onto public org.springframework.web.servlet.ModelAndView org.springframework.boot.autoconfigure.web.servlet.error.BasicErrorController.errorHtml(javax.servlet.http.HttpServletRequest,javax.servlet.http.HttpServletResponse)
2023-07-25 13:56:16 [INFO] [main] [o.s.s.w.DefaultSecurityFilterChain][43]  Creating filter chain: org.springframework.security.web.util.matcher.AnyRequestMatcher@1, [org.springframework.security.web.context.request.async.WebAsyncManagerIntegrationFilter@61191222, org.springframework.security.web.context.SecurityContextPersistenceFilter@316cda31, org.springframework.security.web.header.HeaderWriterFilter@2efd2f21, org.springframework.security.web.authentication.logout.LogoutFilter@764b14b8, org.springframework.security.web.authentication.UsernamePasswordAuthenticationFilter@4f93bf0a, org.springframework.security.web.authentication.ui.DefaultLoginPageGeneratingFilter@5bcec67e, org.springframework.security.web.savedrequest.RequestCacheAwareFilter@50110971, org.springframework.security.web.servletapi.SecurityContextHolderAwareRequestFilter@5ef85555, org.springframework.security.web.authentication.AnonymousAuthenticationFilter@58833798, org.springframework.security.web.session.SessionManagementFilter@59c500f7, org.springframework.security.web.access.ExceptionTranslationFilter@6ad179b4, org.springframework.security.web.access.intercept.FilterSecurityInterceptor@b4732dc]
2023-07-25 13:56:16 [INFO] [main] [s.d.s.w.PropertySourcedRequestMappingHandlerMapping][69]  Mapped URL path [/v2/api-docs] onto method [public org.springframework.http.ResponseEntity<springfox.documentation.spring.web.json.Json> springfox.documentation.swagger2.web.Swagger2Controller.getDocumentation(java.lang.String,javax.servlet.http.HttpServletRequest)]
2023-07-25 13:56:17 [INFO] [main] [o.s.w.s.h.SimpleUrlHandlerMapping][373]  Mapped URL path [/**/favicon.ico] onto handler of type [class org.springframework.web.servlet.resource.ResourceHttpRequestHandler]
2023-07-25 13:56:17 [INFO] [main] [o.s.w.s.m.m.a.RequestMappingHandlerAdapter][574]  Looking for @ControllerAdvice: org.springframework.boot.web.servlet.context.AnnotationConfigServletWebServerApplicationContext@35d08e6c: startup date [Tue Jul 25 13:56:15 CST 2023]; root of context hierarchy
2023-07-25 13:56:17 [INFO] [main] [o.s.w.s.h.SimpleUrlHandlerMapping][373]  Mapped URL path [/webjars/**] onto handler of type [class org.springframework.web.servlet.resource.ResourceHttpRequestHandler]
2023-07-25 13:56:17 [INFO] [main] [o.s.w.s.h.SimpleUrlHandlerMapping][373]  Mapped URL path [/**] onto handler of type [class org.springframework.web.servlet.resource.ResourceHttpRequestHandler]
2023-07-25 13:56:17 [INFO] [main] [o.s.j.e.a.AnnotationMBeanExporter][433]  Registering beans for JMX exposure on startup
2023-07-25 13:56:17 [INFO] [main] [o.s.c.s.DefaultLifecycleProcessor][351]  Starting beans in phase 2147483647
2023-07-25 13:56:17 [INFO] [main] [s.d.s.w.p.DocumentationPluginsBootstrapper][160]  Context refreshed
2023-07-25 13:56:17 [INFO] [main] [s.d.s.w.p.DocumentationPluginsBootstrapper][163]  Found 1 custom documentation plugin(s)
2023-07-25 13:56:17 [INFO] [main] [s.d.s.w.s.ApiListingReferenceScanner][41]  Scanning for api listing references
2023-07-25 13:56:17 [INFO] [main] [o.a.c.h.Http11NioProtocol][180]  Starting ProtocolHandler ["http-nio-8080"]
2023-07-25 13:56:17 [INFO] [main] [o.a.t.u.n.NioSelectorPool][180]  Using a shared selector for servlet write/read
2023-07-25 13:56:17 [INFO] [main] [o.s.b.w.e.t.TomcatWebServer][206]  Tomcat started on port(s): 8080 (http) with context path ''
2023-07-25 13:56:17 [INFO] [main] [c.y.a.AutoClockApplication][59]  Started AutoClockApplication in 3.148 seconds (JVM running for 5.038)
2023-07-25 13:56:43 [INFO] [080-exec-1] [o.a.c.c.C.[.[.[/]][180]  Initializing Spring FrameworkServlet 'dispatcherServlet'
2023-07-25 13:56:43 [INFO] [080-exec-1] [o.s.w.s.DispatcherServlet][494]  FrameworkServlet 'dispatcherServlet': initialization started
2023-07-25 13:56:43 [INFO] [080-exec-1] [o.s.w.s.DispatcherServlet][509]  FrameworkServlet 'dispatcherServlet': initialization completed in 16 ms
2023-07-25 13:57:59 [INFO] [080-exec-2] [c.y.a.s.ClockServiceImpl][128]  userZhiClock:userClock{"address":"海南省海口市美兰区海甸四东路颐和花园C栋1002房","area":"美兰区","city":"海口市","country":"中国","enable":true,"latitude":"20.054801","longitude":"110.343433","password":"Lh08181226","phone":"13647531961","province":"海南省","pushKey":"","signType":"START","type":"android"}
2023-07-25 13:58:00 [INFO] [080-exec-2] [c.y.a.s.ClockServiceImpl][132]  职家获取用户token:json,phon13647531961
2023-07-25 13:58:40 [INFO] [Thread-8] [o.s.b.w.s.c.AnnotationConfigServletWebServerApplicationContext][993]  Closing org.springframework.boot.web.servlet.context.AnnotationConfigServletWebServerApplicationContext@35d08e6c: startup date [Tue Jul 25 13:56:15 CST 2023]; root of context hierarchy
2023-07-25 13:58:40 [INFO] [Thread-8] [o.s.c.s.DefaultLifecycleProcessor][366]  Stopping beans in phase 2147483647
2023-07-25 13:58:40 [INFO] [Thread-8] [o.s.j.e.a.AnnotationMBeanExporter][451]  Unregistering JMX-exposed beans on shutdown
2023-07-25 13:58:45 [INFO] [main] [c.y.a.AutoClockApplication][50]  Starting AutoClockApplication on yanggu with PID 9012 (D:\yangdong\project\auto_clock\target\classes started by 86159 in D:\yangdong\project\auto_clock)
2023-07-25 13:58:45 [INFO] [main] [c.y.a.AutoClockApplication][659]  No active profile set, falling back to default profiles: default
2023-07-25 13:58:45 [INFO] [main] [o.s.b.w.s.c.AnnotationConfigServletWebServerApplicationContext][590]  Refreshing org.springframework.boot.web.servlet.context.AnnotationConfigServletWebServerApplicationContext@7ca33c24: startup date [Tue Jul 25 13:58:45 CST 2023]; root of context hierarchy
2023-07-25 13:58:46 [INFO] [main] [o.s.b.w.e.t.TomcatWebServer][91]  Tomcat initialized with port(s): 8080 (http)
2023-07-25 13:58:46 [INFO] [main] [o.a.c.h.Http11NioProtocol][180]  Initializing ProtocolHandler ["http-nio-8080"]
2023-07-25 13:58:46 [INFO] [main] [o.a.c.c.StandardService][180]  Starting service [Tomcat]
2023-07-25 13:58:46 [INFO] [main] [o.a.c.c.StandardEngine][180]  Starting Servlet Engine: Apache Tomcat/8.5.31
2023-07-25 13:58:46 [INFO] [tartStop-1] [o.a.c.c.AprLifecycleListener][180]  The APR based Apache Tomcat Native library which allows optimal performance in production environments was not found on the java.library.path: [C:\Program Files\Java\jdk1.8.0_161\bin;C:\WINDOWS\Sun\Java\bin;C:\WINDOWS\system32;C:\WINDOWS;C:\ProgramData\Oracle\Java\javapath;C:\Windows\system32;C:\Windows;C:\Windows\System32\Wbem;C:\Windows\System32\WindowsPowerShell\v1.0\;C:\Windows\System32\OpenSSH\;C:\Program Files (x86)\NVIDIA Corporation\PhysX\Common;C:\Program Files\NVIDIA Corporation\NVIDIA NvDLISR;C:\Program Files\Java\jdk1.8.0_161\bin;D:\WorkShangYou\tool\apache-maven-3.6.1-bin\apache-maven-3.6.1\bin;C:\WINDOWS\system32;C:\WINDOWS;C:\WINDOWS\System32\Wbem;C:\WINDOWS\System32\WindowsPowerShell\v1.0\;C:\WINDOWS\System32\OpenSSH\;C:\Program Files\Git\cmd;D:\WorkShangYou\tool\curl\curl-7.76.1-win64-mingw\I386;D:\WorkShangYou\tool\curl\curl-7.76.1-win64-mingw\lib;D:\WorkShangYou\tool\kubectl;D:\yangdong\project\Elasti\elasticsearch-5.5.1\bin;C:\Program Files\nodejs\;C:\Users\86159\AppData\Local\Programs\Python\Python311\Scripts\;C:\Users\86159\AppData\Local\Programs\Python\Python311\;C:\Users\86159\AppData\Local\Microsoft\WindowsApps;C:\Users\86159\AppData\Roaming\npm;;.]
2023-07-25 13:58:46 [INFO] [tartStop-1] [o.a.c.c.C.[.[.[/]][180]  Initializing Spring embedded WebApplicationContext
2023-07-25 13:58:46 [INFO] [tartStop-1] [o.s.w.c.ContextLoader][285]  Root WebApplicationContext: initialization completed in 988 ms
2023-07-25 13:58:46 [INFO] [tartStop-1] [o.s.b.w.s.FilterRegistrationBean][244]  Mapping filter: 'characterEncodingFilter' to: [/*]
2023-07-25 13:58:46 [INFO] [tartStop-1] [o.s.b.w.s.FilterRegistrationBean][244]  Mapping filter: 'hiddenHttpMethodFilter' to: [/*]
2023-07-25 13:58:46 [INFO] [tartStop-1] [o.s.b.w.s.FilterRegistrationBean][244]  Mapping filter: 'httpPutFormContentFilter' to: [/*]
2023-07-25 13:58:46 [INFO] [tartStop-1] [o.s.b.w.s.FilterRegistrationBean][244]  Mapping filter: 'requestContextFilter' to: [/*]
2023-07-25 13:58:46 [INFO] [tartStop-1] [o.s.b.w.s.DelegatingFilterProxyRegistrationBean][244]  Mapping filter: 'springSecurityFilterChain' to: [/*]
2023-07-25 13:58:46 [INFO] [tartStop-1] [o.s.b.w.s.ServletRegistrationBean][185]  Servlet dispatcherServlet mapped to [/]
2023-07-25 13:58:46 [INFO] [main] [o.s.w.s.m.m.a.RequestMappingHandlerMapping][547]  Mapped "{[/clock/user/Records],methods=[POST]}" onto public com.yang.auto.util.HttpResult com.yang.auto.controller.ClockController.userRecords(com.yang.auto.entity.UserClock)
2023-07-25 13:58:46 [INFO] [main] [o.s.w.s.m.m.a.RequestMappingHandlerMapping][547]  Mapped "{[/clock/user/zhi/operation],methods=[POST]}" onto public com.yang.auto.util.HttpResult com.yang.auto.controller.ClockController.userZhiClock(com.yang.auto.entity.UserClock)
2023-07-25 13:58:46 [INFO] [main] [o.s.w.s.m.m.a.RequestMappingHandlerMapping][547]  Mapped "{[/clock/user//gong/operation],methods=[POST]}" onto public com.yang.auto.util.HttpResult com.yang.auto.controller.ClockController.userClock(com.yang.auto.entity.UserClock)
2023-07-25 13:58:46 [INFO] [main] [o.s.w.s.m.m.a.RequestMappingHandlerMapping][547]  Mapped "{[/swagger-resources]}" onto public org.springframework.http.ResponseEntity<java.util.List<springfox.documentation.swagger.web.SwaggerResource>> springfox.documentation.swagger.web.ApiResourceController.swaggerResources()
2023-07-25 13:58:46 [INFO] [main] [o.s.w.s.m.m.a.RequestMappingHandlerMapping][547]  Mapped "{[/swagger-resources/configuration/ui]}" onto public org.springframework.http.ResponseEntity<springfox.documentation.swagger.web.UiConfiguration> springfox.documentation.swagger.web.ApiResourceController.uiConfiguration()
2023-07-25 13:58:46 [INFO] [main] [o.s.w.s.m.m.a.RequestMappingHandlerMapping][547]  Mapped "{[/swagger-resources/configuration/security]}" onto public org.springframework.http.ResponseEntity<springfox.documentation.swagger.web.SecurityConfiguration> springfox.documentation.swagger.web.ApiResourceController.securityConfiguration()
2023-07-25 13:58:46 [INFO] [main] [o.s.w.s.m.m.a.RequestMappingHandlerMapping][547]  Mapped "{[/error]}" onto public org.springframework.http.ResponseEntity<java.util.Map<java.lang.String, java.lang.Object>> org.springframework.boot.autoconfigure.web.servlet.error.BasicErrorController.error(javax.servlet.http.HttpServletRequest)
2023-07-25 13:58:46 [INFO] [main] [o.s.w.s.m.m.a.RequestMappingHandlerMapping][547]  Mapped "{[/error],produces=[text/html]}" onto public org.springframework.web.servlet.ModelAndView org.springframework.boot.autoconfigure.web.servlet.error.BasicErrorController.errorHtml(javax.servlet.http.HttpServletRequest,javax.servlet.http.HttpServletResponse)
2023-07-25 13:58:46 [INFO] [main] [o.s.s.w.DefaultSecurityFilterChain][43]  Creating filter chain: org.springframework.security.web.util.matcher.AnyRequestMatcher@1, [org.springframework.security.web.context.request.async.WebAsyncManagerIntegrationFilter@2ba42204, org.springframework.security.web.context.SecurityContextPersistenceFilter@2a4f8009, org.springframework.security.web.header.HeaderWriterFilter@6af5b246, org.springframework.security.web.authentication.logout.LogoutFilter@1a1ccaaf, org.springframework.security.web.authentication.UsernamePasswordAuthenticationFilter@5348d83c, org.springframework.security.web.authentication.ui.DefaultLoginPageGeneratingFilter@2b44d6d0, org.springframework.security.web.savedrequest.RequestCacheAwareFilter@8054fe2, org.springframework.security.web.servletapi.SecurityContextHolderAwareRequestFilter@23cd5d42, org.springframework.security.web.authentication.AnonymousAuthenticationFilter@285005b8, org.springframework.security.web.session.SessionManagementFilter@2401856, org.springframework.security.web.access.ExceptionTranslationFilter@ea7a4c3, org.springframework.security.web.access.intercept.FilterSecurityInterceptor@39da5e49]
2023-07-25 13:58:47 [INFO] [main] [s.d.s.w.PropertySourcedRequestMappingHandlerMapping][69]  Mapped URL path [/v2/api-docs] onto method [public org.springframework.http.ResponseEntity<springfox.documentation.spring.web.json.Json> springfox.documentation.swagger2.web.Swagger2Controller.getDocumentation(java.lang.String,javax.servlet.http.HttpServletRequest)]
2023-07-25 13:58:47 [INFO] [main] [o.s.w.s.h.SimpleUrlHandlerMapping][373]  Mapped URL path [/**/favicon.ico] onto handler of type [class org.springframework.web.servlet.resource.ResourceHttpRequestHandler]
2023-07-25 13:58:47 [INFO] [main] [o.s.w.s.m.m.a.RequestMappingHandlerAdapter][574]  Looking for @ControllerAdvice: org.springframework.boot.web.servlet.context.AnnotationConfigServletWebServerApplicationContext@7ca33c24: startup date [Tue Jul 25 13:58:45 CST 2023]; root of context hierarchy
2023-07-25 13:58:47 [INFO] [main] [o.s.w.s.h.SimpleUrlHandlerMapping][373]  Mapped URL path [/webjars/**] onto handler of type [class org.springframework.web.servlet.resource.ResourceHttpRequestHandler]
2023-07-25 13:58:47 [INFO] [main] [o.s.w.s.h.SimpleUrlHandlerMapping][373]  Mapped URL path [/**] onto handler of type [class org.springframework.web.servlet.resource.ResourceHttpRequestHandler]
2023-07-25 13:58:47 [INFO] [main] [o.s.j.e.a.AnnotationMBeanExporter][433]  Registering beans for JMX exposure on startup
2023-07-25 13:58:47 [INFO] [main] [o.s.c.s.DefaultLifecycleProcessor][351]  Starting beans in phase 2147483647
2023-07-25 13:58:47 [INFO] [main] [s.d.s.w.p.DocumentationPluginsBootstrapper][160]  Context refreshed
2023-07-25 13:58:47 [INFO] [main] [s.d.s.w.p.DocumentationPluginsBootstrapper][163]  Found 1 custom documentation plugin(s)
2023-07-25 13:58:47 [INFO] [main] [s.d.s.w.s.ApiListingReferenceScanner][41]  Scanning for api listing references
2023-07-25 13:58:47 [INFO] [main] [o.a.c.h.Http11NioProtocol][180]  Starting ProtocolHandler ["http-nio-8080"]
2023-07-25 13:58:47 [INFO] [main] [o.a.t.u.n.NioSelectorPool][180]  Using a shared selector for servlet write/read
2023-07-25 13:58:47 [INFO] [main] [o.s.b.w.e.t.TomcatWebServer][206]  Tomcat started on port(s): 8080 (http) with context path ''
2023-07-25 13:58:47 [INFO] [main] [c.y.a.AutoClockApplication][59]  Started AutoClockApplication in 2.918 seconds (JVM running for 3.68)
2023-07-25 13:58:52 [INFO] [080-exec-1] [o.a.c.c.C.[.[.[/]][180]  Initializing Spring FrameworkServlet 'dispatcherServlet'
2023-07-25 13:58:52 [INFO] [080-exec-1] [o.s.w.s.DispatcherServlet][494]  FrameworkServlet 'dispatcherServlet': initialization started
2023-07-25 13:58:52 [INFO] [080-exec-1] [o.s.w.s.DispatcherServlet][509]  FrameworkServlet 'dispatcherServlet': initialization completed in 15 ms
2023-07-25 13:59:10 [INFO] [080-exec-2] [c.y.a.s.ClockServiceImpl][128]  userZhiClock:userClock{"address":"海南省海口市美兰区海甸四东路颐和花园C栋1002房","area":"美兰区","city":"海口市","country":"中国","enable":true,"latitude":"20.054801","longitude":"110.343433","password":"Lh08181226","phone":"13647531961","province":"海南省","pushKey":"","signType":"START","type":"android"}
2023-07-25 13:59:11 [INFO] [080-exec-2] [c.y.a.s.ClockServiceImpl][132]  职家获取用户token:json{"code":1001,"deviceId":"","data":{"token":"271ac1ee13218c1591891501001f51de1291181491381fb1"},"msg":"执行成功","currentpage":0,"pagesize":0,"totalcount":0,"pagecount":0},phon13647531961
2023-07-25 13:59:31 [INFO] [080-exec-3] [c.y.a.s.ClockServiceImpl][128]  userZhiClock:userClock{"address":"海南省海口市美兰区海甸四东路颐和花园C栋1002房","area":"美兰区","city":"海口市","country":"中国","enable":true,"latitude":"20.054801","longitude":"110.343433","password":"Lh08181226","phone":"13647531961","province":"海南省","pushKey":"","signType":"START","type":"android"}
2023-07-25 13:59:31 [INFO] [080-exec-3] [c.y.a.s.ClockServiceImpl][132]  职家获取用户token:json{"code":1001,"deviceId":"","data":{"token":"271ac1ee13218c1591891501001f51de1291181491381fb1"},"msg":"执行成功","currentpage":0,"pagesize":0,"totalcount":0,"pagecount":0},phon13647531961
2023-07-25 14:00:22 [INFO] [Thread-7] [o.s.b.w.s.c.AnnotationConfigServletWebServerApplicationContext][993]  Closing org.springframework.boot.web.servlet.context.AnnotationConfigServletWebServerApplicationContext@7ca33c24: startup date [Tue Jul 25 13:58:45 CST 2023]; root of context hierarchy
2023-07-25 14:00:22 [INFO] [Thread-7] [o.s.c.s.DefaultLifecycleProcessor][366]  Stopping beans in phase 2147483647
2023-07-25 14:00:22 [INFO] [Thread-7] [o.s.j.e.a.AnnotationMBeanExporter][451]  Unregistering JMX-exposed beans on shutdown
2023-07-25 14:01:46 [INFO] [main] [c.y.a.AutoClockApplication][50]  Starting AutoClockApplication on yanggu with PID 15728 (D:\yangdong\project\auto_clock\target\classes started by 86159 in D:\yangdong\project\auto_clock)
2023-07-25 14:01:46 [INFO] [main] [c.y.a.AutoClockApplication][659]  No active profile set, falling back to default profiles: default
2023-07-25 14:01:46 [INFO] [main] [o.s.b.w.s.c.AnnotationConfigServletWebServerApplicationContext][590]  Refreshing org.springframework.boot.web.servlet.context.AnnotationConfigServletWebServerApplicationContext@2f1de2d6: startup date [Tue Jul 25 14:01:46 CST 2023]; root of context hierarchy
2023-07-25 14:01:47 [INFO] [main] [o.s.b.w.e.t.TomcatWebServer][91]  Tomcat initialized with port(s): 8080 (http)
2023-07-25 14:01:47 [INFO] [main] [o.a.c.h.Http11NioProtocol][180]  Initializing ProtocolHandler ["http-nio-8080"]
2023-07-25 14:01:47 [INFO] [main] [o.a.c.c.StandardService][180]  Starting service [Tomcat]
2023-07-25 14:01:47 [INFO] [main] [o.a.c.c.StandardEngine][180]  Starting Servlet Engine: Apache Tomcat/8.5.31
2023-07-25 14:01:47 [INFO] [tartStop-1] [o.a.c.c.AprLifecycleListener][180]  The APR based Apache Tomcat Native library which allows optimal performance in production environments was not found on the java.library.path: [C:\Program Files\Java\jdk1.8.0_161\bin;C:\WINDOWS\Sun\Java\bin;C:\WINDOWS\system32;C:\WINDOWS;C:\ProgramData\Oracle\Java\javapath;C:\Windows\system32;C:\Windows;C:\Windows\System32\Wbem;C:\Windows\System32\WindowsPowerShell\v1.0\;C:\Windows\System32\OpenSSH\;C:\Program Files (x86)\NVIDIA Corporation\PhysX\Common;C:\Program Files\NVIDIA Corporation\NVIDIA NvDLISR;C:\Program Files\Java\jdk1.8.0_161\bin;D:\WorkShangYou\tool\apache-maven-3.6.1-bin\apache-maven-3.6.1\bin;C:\WINDOWS\system32;C:\WINDOWS;C:\WINDOWS\System32\Wbem;C:\WINDOWS\System32\WindowsPowerShell\v1.0\;C:\WINDOWS\System32\OpenSSH\;C:\Program Files\Git\cmd;D:\WorkShangYou\tool\curl\curl-7.76.1-win64-mingw\I386;D:\WorkShangYou\tool\curl\curl-7.76.1-win64-mingw\lib;D:\WorkShangYou\tool\kubectl;D:\yangdong\project\Elasti\elasticsearch-5.5.1\bin;C:\Program Files\nodejs\;C:\Users\86159\AppData\Local\Programs\Python\Python311\Scripts\;C:\Users\86159\AppData\Local\Programs\Python\Python311\;C:\Users\86159\AppData\Local\Microsoft\WindowsApps;C:\Users\86159\AppData\Roaming\npm;;.]
2023-07-25 14:01:47 [INFO] [tartStop-1] [o.a.c.c.C.[.[.[/]][180]  Initializing Spring embedded WebApplicationContext
2023-07-25 14:01:47 [INFO] [tartStop-1] [o.s.w.c.ContextLoader][285]  Root WebApplicationContext: initialization completed in 1015 ms
2023-07-25 14:01:47 [INFO] [tartStop-1] [o.s.b.w.s.FilterRegistrationBean][244]  Mapping filter: 'characterEncodingFilter' to: [/*]
2023-07-25 14:01:47 [INFO] [tartStop-1] [o.s.b.w.s.FilterRegistrationBean][244]  Mapping filter: 'hiddenHttpMethodFilter' to: [/*]
2023-07-25 14:01:47 [INFO] [tartStop-1] [o.s.b.w.s.FilterRegistrationBean][244]  Mapping filter: 'httpPutFormContentFilter' to: [/*]
2023-07-25 14:01:47 [INFO] [tartStop-1] [o.s.b.w.s.FilterRegistrationBean][244]  Mapping filter: 'requestContextFilter' to: [/*]
2023-07-25 14:01:47 [INFO] [tartStop-1] [o.s.b.w.s.DelegatingFilterProxyRegistrationBean][244]  Mapping filter: 'springSecurityFilterChain' to: [/*]
2023-07-25 14:01:47 [INFO] [tartStop-1] [o.s.b.w.s.ServletRegistrationBean][185]  Servlet dispatcherServlet mapped to [/]
2023-07-25 14:01:47 [INFO] [main] [o.s.w.s.m.m.a.RequestMappingHandlerMapping][547]  Mapped "{[/clock/user//gong/operation],methods=[POST]}" onto public com.yang.auto.util.HttpResult com.yang.auto.controller.ClockController.userClock(com.yang.auto.entity.UserClock)
2023-07-25 14:01:47 [INFO] [main] [o.s.w.s.m.m.a.RequestMappingHandlerMapping][547]  Mapped "{[/clock/user/Records],methods=[POST]}" onto public com.yang.auto.util.HttpResult com.yang.auto.controller.ClockController.userRecords(com.yang.auto.entity.UserClock)
2023-07-25 14:01:47 [INFO] [main] [o.s.w.s.m.m.a.RequestMappingHandlerMapping][547]  Mapped "{[/clock/user/zhi/operation],methods=[POST]}" onto public com.yang.auto.util.HttpResult com.yang.auto.controller.ClockController.userZhiClock(com.yang.auto.entity.UserClock)
2023-07-25 14:01:47 [INFO] [main] [o.s.w.s.m.m.a.RequestMappingHandlerMapping][547]  Mapped "{[/swagger-resources]}" onto public org.springframework.http.ResponseEntity<java.util.List<springfox.documentation.swagger.web.SwaggerResource>> springfox.documentation.swagger.web.ApiResourceController.swaggerResources()
2023-07-25 14:01:47 [INFO] [main] [o.s.w.s.m.m.a.RequestMappingHandlerMapping][547]  Mapped "{[/swagger-resources/configuration/ui]}" onto public org.springframework.http.ResponseEntity<springfox.documentation.swagger.web.UiConfiguration> springfox.documentation.swagger.web.ApiResourceController.uiConfiguration()
2023-07-25 14:01:47 [INFO] [main] [o.s.w.s.m.m.a.RequestMappingHandlerMapping][547]  Mapped "{[/swagger-resources/configuration/security]}" onto public org.springframework.http.ResponseEntity<springfox.documentation.swagger.web.SecurityConfiguration> springfox.documentation.swagger.web.ApiResourceController.securityConfiguration()
2023-07-25 14:01:47 [INFO] [main] [o.s.w.s.m.m.a.RequestMappingHandlerMapping][547]  Mapped "{[/error]}" onto public org.springframework.http.ResponseEntity<java.util.Map<java.lang.String, java.lang.Object>> org.springframework.boot.autoconfigure.web.servlet.error.BasicErrorController.error(javax.servlet.http.HttpServletRequest)
2023-07-25 14:01:47 [INFO] [main] [o.s.w.s.m.m.a.RequestMappingHandlerMapping][547]  Mapped "{[/error],produces=[text/html]}" onto public org.springframework.web.servlet.ModelAndView org.springframework.boot.autoconfigure.web.servlet.error.BasicErrorController.errorHtml(javax.servlet.http.HttpServletRequest,javax.servlet.http.HttpServletResponse)
2023-07-25 14:01:48 [INFO] [main] [o.s.s.w.DefaultSecurityFilterChain][43]  Creating filter chain: org.springframework.security.web.util.matcher.AnyRequestMatcher@1, [org.springframework.security.web.context.request.async.WebAsyncManagerIntegrationFilter@115dcaea, org.springframework.security.web.context.SecurityContextPersistenceFilter@14168e1, org.springframework.security.web.header.HeaderWriterFilter@70029d2d, org.springframework.security.web.authentication.logout.LogoutFilter@5cff6b74, org.springframework.security.web.authentication.UsernamePasswordAuthenticationFilter@545b5ed0, org.springframework.security.web.authentication.ui.DefaultLoginPageGeneratingFilter@71179b6f, org.springframework.security.web.savedrequest.RequestCacheAwareFilter@1e225820, org.springframework.security.web.servletapi.SecurityContextHolderAwareRequestFilter@c02670f, org.springframework.security.web.authentication.AnonymousAuthenticationFilter@cfd1075, org.springframework.security.web.session.SessionManagementFilter@709f0202, org.springframework.security.web.access.ExceptionTranslationFilter@1e3ff233, org.springframework.security.web.access.intercept.FilterSecurityInterceptor@5974b233]
2023-07-25 14:01:48 [INFO] [main] [s.d.s.w.PropertySourcedRequestMappingHandlerMapping][69]  Mapped URL path [/v2/api-docs] onto method [public org.springframework.http.ResponseEntity<springfox.documentation.spring.web.json.Json> springfox.documentation.swagger2.web.Swagger2Controller.getDocumentation(java.lang.String,javax.servlet.http.HttpServletRequest)]
2023-07-25 14:01:48 [INFO] [main] [o.s.w.s.h.SimpleUrlHandlerMapping][373]  Mapped URL path [/**/favicon.ico] onto handler of type [class org.springframework.web.servlet.resource.ResourceHttpRequestHandler]
2023-07-25 14:01:48 [INFO] [main] [o.s.w.s.m.m.a.RequestMappingHandlerAdapter][574]  Looking for @ControllerAdvice: org.springframework.boot.web.servlet.context.AnnotationConfigServletWebServerApplicationContext@2f1de2d6: startup date [Tue Jul 25 14:01:46 CST 2023]; root of context hierarchy
2023-07-25 14:01:48 [INFO] [main] [o.s.w.s.h.SimpleUrlHandlerMapping][373]  Mapped URL path [/webjars/**] onto handler of type [class org.springframework.web.servlet.resource.ResourceHttpRequestHandler]
2023-07-25 14:01:48 [INFO] [main] [o.s.w.s.h.SimpleUrlHandlerMapping][373]  Mapped URL path [/**] onto handler of type [class org.springframework.web.servlet.resource.ResourceHttpRequestHandler]
2023-07-25 14:01:48 [INFO] [main] [o.s.j.e.a.AnnotationMBeanExporter][433]  Registering beans for JMX exposure on startup
2023-07-25 14:01:48 [INFO] [main] [o.s.c.s.DefaultLifecycleProcessor][351]  Starting beans in phase 2147483647
2023-07-25 14:01:48 [INFO] [main] [s.d.s.w.p.DocumentationPluginsBootstrapper][160]  Context refreshed
2023-07-25 14:01:48 [INFO] [main] [s.d.s.w.p.DocumentationPluginsBootstrapper][163]  Found 1 custom documentation plugin(s)
2023-07-25 14:01:48 [INFO] [main] [s.d.s.w.s.ApiListingReferenceScanner][41]  Scanning for api listing references
2023-07-25 14:01:48 [INFO] [main] [o.a.c.h.Http11NioProtocol][180]  Starting ProtocolHandler ["http-nio-8080"]
2023-07-25 14:01:48 [INFO] [main] [o.a.t.u.n.NioSelectorPool][180]  Using a shared selector for servlet write/read
2023-07-25 14:01:48 [INFO] [main] [o.s.b.w.e.t.TomcatWebServer][206]  Tomcat started on port(s): 8080 (http) with context path ''
2023-07-25 14:01:48 [INFO] [main] [c.y.a.AutoClockApplication][59]  Started AutoClockApplication in 2.716 seconds (JVM running for 3.427)
2023-07-25 14:01:55 [INFO] [080-exec-1] [o.a.c.c.C.[.[.[/]][180]  Initializing Spring FrameworkServlet 'dispatcherServlet'
2023-07-25 14:01:55 [INFO] [080-exec-1] [o.s.w.s.DispatcherServlet][494]  FrameworkServlet 'dispatcherServlet': initialization started
2023-07-25 14:01:55 [INFO] [080-exec-1] [o.s.w.s.DispatcherServlet][509]  FrameworkServlet 'dispatcherServlet': initialization completed in 15 ms
2023-07-25 14:02:12 [INFO] [080-exec-5] [c.y.a.s.ClockServiceImpl][128]  userZhiClock:userClock{"address":"海南省海口市美兰区海甸四东路颐和花园C栋1002房","area":"美兰区","city":"海口市","country":"中国","deviceType":"Xiao|Mi 13|13","enable":true,"latitude":"20.054801","longitude":"110.343433","password":"Lh08181226","phone":"13647531961","province":"海南省","pushKey":"","signType":"START","type":"android"}
2023-07-25 14:02:13 [INFO] [080-exec-5] [c.y.a.s.ClockServiceImpl][132]  职家获取用户token:json{"code":1001,"deviceId":"","data":{"token":"271ac1ee13218c1591891501001f51de1291181491381fb1"},"msg":"执行成功","currentpage":0,"pagesize":0,"totalcount":0,"pagecount":0},phon13647531961
2023-07-25 14:02:31 [INFO] [080-exec-2] [c.y.a.s.ClockServiceImpl][128]  userZhiClock:userClock{"address":"海南省海口市美兰区海甸四东路颐和花园C栋1002房","area":"美兰区","city":"海口市","country":"中国","deviceType":"Xiaomi|Mi 13|13","enable":true,"latitude":"20.054801","longitude":"110.343433","password":"Lh08181226","phone":"13647531961","province":"海南省","pushKey":"","signType":"START","type":"android"}
2023-07-25 14:02:31 [INFO] [080-exec-2] [c.y.a.s.ClockServiceImpl][132]  职家获取用户token:json{"code":1001,"deviceId":"","data":{"token":"271ac1ee13218c1591891501001f51de1291181491381fb1"},"msg":"执行成功","currentpage":0,"pagesize":0,"totalcount":0,"pagecount":0},phon13647531961
2023-07-25 14:02:45 [INFO] [080-exec-3] [c.y.a.s.ClockServiceImpl][128]  userZhiClock:userClock{"address":"海南省海口市美兰区海甸四东路颐和花园C栋1002房","area":"美兰区","city":"海口市","country":"中国","deviceType":"","enable":true,"latitude":"20.054801","longitude":"110.343433","password":"Lh08181226","phone":"13647531961","province":"海南省","pushKey":"","signType":"START","type":"android"}
2023-07-25 14:02:45 [INFO] [080-exec-3] [c.y.a.s.ClockServiceImpl][132]  职家获取用户token:json{"code":1001,"deviceId":"","data":{"token":"271ac1ee13218c1591891501001f51de1291181491381fb1"},"msg":"执行成功","currentpage":0,"pagesize":0,"totalcount":0,"pagecount":0},phon13647531961
2023-07-25 14:06:57 [INFO] [Thread-7] [o.s.b.w.s.c.AnnotationConfigServletWebServerApplicationContext][993]  Closing org.springframework.boot.web.servlet.context.AnnotationConfigServletWebServerApplicationContext@2f1de2d6: startup date [Tue Jul 25 14:01:46 CST 2023]; root of context hierarchy
2023-07-25 14:06:57 [INFO] [Thread-7] [o.s.c.s.DefaultLifecycleProcessor][366]  Stopping beans in phase 2147483647
2023-07-25 14:06:57 [INFO] [Thread-7] [o.s.j.e.a.AnnotationMBeanExporter][451]  Unregistering JMX-exposed beans on shutdown
2023-07-25 14:07:01 [INFO] [main] [c.y.a.AutoClockApplication][50]  Starting AutoClockApplication on yanggu with PID 9508 (D:\yangdong\project\auto_clock\target\classes started by 86159 in D:\yangdong\project\auto_clock)
2023-07-25 14:07:01 [INFO] [main] [c.y.a.AutoClockApplication][659]  No active profile set, falling back to default profiles: default
2023-07-25 14:07:01 [INFO] [main] [o.s.b.w.s.c.AnnotationConfigServletWebServerApplicationContext][590]  Refreshing org.springframework.boot.web.servlet.context.AnnotationConfigServletWebServerApplicationContext@2f1de2d6: startup date [Tue Jul 25 14:07:01 CST 2023]; root of context hierarchy
2023-07-25 14:07:02 [INFO] [main] [o.s.b.w.e.t.TomcatWebServer][91]  Tomcat initialized with port(s): 8080 (http)
2023-07-25 14:07:02 [INFO] [main] [o.a.c.h.Http11NioProtocol][180]  Initializing ProtocolHandler ["http-nio-8080"]
2023-07-25 14:07:02 [INFO] [main] [o.a.c.c.StandardService][180]  Starting service [Tomcat]
2023-07-25 14:07:02 [INFO] [main] [o.a.c.c.StandardEngine][180]  Starting Servlet Engine: Apache Tomcat/8.5.31
2023-07-25 14:07:02 [INFO] [tartStop-1] [o.a.c.c.AprLifecycleListener][180]  The APR based Apache Tomcat Native library which allows optimal performance in production environments was not found on the java.library.path: [C:\Program Files\Java\jdk1.8.0_161\bin;C:\WINDOWS\Sun\Java\bin;C:\WINDOWS\system32;C:\WINDOWS;C:\ProgramData\Oracle\Java\javapath;C:\Windows\system32;C:\Windows;C:\Windows\System32\Wbem;C:\Windows\System32\WindowsPowerShell\v1.0\;C:\Windows\System32\OpenSSH\;C:\Program Files (x86)\NVIDIA Corporation\PhysX\Common;C:\Program Files\NVIDIA Corporation\NVIDIA NvDLISR;C:\Program Files\Java\jdk1.8.0_161\bin;D:\WorkShangYou\tool\apache-maven-3.6.1-bin\apache-maven-3.6.1\bin;C:\WINDOWS\system32;C:\WINDOWS;C:\WINDOWS\System32\Wbem;C:\WINDOWS\System32\WindowsPowerShell\v1.0\;C:\WINDOWS\System32\OpenSSH\;C:\Program Files\Git\cmd;D:\WorkShangYou\tool\curl\curl-7.76.1-win64-mingw\I386;D:\WorkShangYou\tool\curl\curl-7.76.1-win64-mingw\lib;D:\WorkShangYou\tool\kubectl;D:\yangdong\project\Elasti\elasticsearch-5.5.1\bin;C:\Program Files\nodejs\;C:\Users\86159\AppData\Local\Programs\Python\Python311\Scripts\;C:\Users\86159\AppData\Local\Programs\Python\Python311\;C:\Users\86159\AppData\Local\Microsoft\WindowsApps;C:\Users\86159\AppData\Roaming\npm;;.]
2023-07-25 14:07:02 [INFO] [tartStop-1] [o.a.c.c.C.[.[.[/]][180]  Initializing Spring embedded WebApplicationContext
2023-07-25 14:07:02 [INFO] [tartStop-1] [o.s.w.c.ContextLoader][285]  Root WebApplicationContext: initialization completed in 1020 ms
2023-07-25 14:07:02 [INFO] [tartStop-1] [o.s.b.w.s.FilterRegistrationBean][244]  Mapping filter: 'characterEncodingFilter' to: [/*]
2023-07-25 14:07:02 [INFO] [tartStop-1] [o.s.b.w.s.FilterRegistrationBean][244]  Mapping filter: 'hiddenHttpMethodFilter' to: [/*]
2023-07-25 14:07:02 [INFO] [tartStop-1] [o.s.b.w.s.FilterRegistrationBean][244]  Mapping filter: 'httpPutFormContentFilter' to: [/*]
2023-07-25 14:07:02 [INFO] [tartStop-1] [o.s.b.w.s.FilterRegistrationBean][244]  Mapping filter: 'requestContextFilter' to: [/*]
2023-07-25 14:07:02 [INFO] [tartStop-1] [o.s.b.w.s.DelegatingFilterProxyRegistrationBean][244]  Mapping filter: 'springSecurityFilterChain' to: [/*]
2023-07-25 14:07:02 [INFO] [tartStop-1] [o.s.b.w.s.ServletRegistrationBean][185]  Servlet dispatcherServlet mapped to [/]
2023-07-25 14:07:02 [INFO] [main] [o.s.w.s.m.m.a.RequestMappingHandlerMapping][547]  Mapped "{[/clock/user//gong/operation],methods=[POST]}" onto public com.yang.auto.util.HttpResult com.yang.auto.controller.ClockController.userClock(com.yang.auto.entity.UserClock)
2023-07-25 14:07:02 [INFO] [main] [o.s.w.s.m.m.a.RequestMappingHandlerMapping][547]  Mapped "{[/clock/user/Records],methods=[POST]}" onto public com.yang.auto.util.HttpResult com.yang.auto.controller.ClockController.userRecords(com.yang.auto.entity.UserClock)
2023-07-25 14:07:02 [INFO] [main] [o.s.w.s.m.m.a.RequestMappingHandlerMapping][547]  Mapped "{[/clock/user/zhi/operation],methods=[POST]}" onto public com.yang.auto.util.HttpResult com.yang.auto.controller.ClockController.userZhiClock(com.yang.auto.entity.UserClock)
2023-07-25 14:07:02 [INFO] [main] [o.s.w.s.m.m.a.RequestMappingHandlerMapping][547]  Mapped "{[/swagger-resources/configuration/ui]}" onto public org.springframework.http.ResponseEntity<springfox.documentation.swagger.web.UiConfiguration> springfox.documentation.swagger.web.ApiResourceController.uiConfiguration()
2023-07-25 14:07:02 [INFO] [main] [o.s.w.s.m.m.a.RequestMappingHandlerMapping][547]  Mapped "{[/swagger-resources]}" onto public org.springframework.http.ResponseEntity<java.util.List<springfox.documentation.swagger.web.SwaggerResource>> springfox.documentation.swagger.web.ApiResourceController.swaggerResources()
2023-07-25 14:07:02 [INFO] [main] [o.s.w.s.m.m.a.RequestMappingHandlerMapping][547]  Mapped "{[/swagger-resources/configuration/security]}" onto public org.springframework.http.ResponseEntity<springfox.documentation.swagger.web.SecurityConfiguration> springfox.documentation.swagger.web.ApiResourceController.securityConfiguration()
2023-07-25 14:07:02 [INFO] [main] [o.s.w.s.m.m.a.RequestMappingHandlerMapping][547]  Mapped "{[/error]}" onto public org.springframework.http.ResponseEntity<java.util.Map<java.lang.String, java.lang.Object>> org.springframework.boot.autoconfigure.web.servlet.error.BasicErrorController.error(javax.servlet.http.HttpServletRequest)
2023-07-25 14:07:02 [INFO] [main] [o.s.w.s.m.m.a.RequestMappingHandlerMapping][547]  Mapped "{[/error],produces=[text/html]}" onto public org.springframework.web.servlet.ModelAndView org.springframework.boot.autoconfigure.web.servlet.error.BasicErrorController.errorHtml(javax.servlet.http.HttpServletRequest,javax.servlet.http.HttpServletResponse)
2023-07-25 14:07:02 [INFO] [main] [o.s.s.w.DefaultSecurityFilterChain][43]  Creating filter chain: org.springframework.security.web.util.matcher.AnyRequestMatcher@1, [org.springframework.security.web.context.request.async.WebAsyncManagerIntegrationFilter@162c1dfb, org.springframework.security.web.context.SecurityContextPersistenceFilter@ea04cab, org.springframework.security.web.header.HeaderWriterFilter@5cff6b74, org.springframework.security.web.authentication.logout.LogoutFilter@6babffb5, org.springframework.security.web.authentication.UsernamePasswordAuthenticationFilter@75aea2ba, org.springframework.security.web.authentication.ui.DefaultLoginPageGeneratingFilter@e700eba, org.springframework.security.web.savedrequest.RequestCacheAwareFilter@5a90265a, org.springframework.security.web.servletapi.SecurityContextHolderAwareRequestFilter@58a84a12, org.springframework.security.web.authentication.AnonymousAuthenticationFilter@21ae657b, org.springframework.security.web.session.SessionManagementFilter@62b57479, org.springframework.security.web.access.ExceptionTranslationFilter@1903b5d, org.springframework.security.web.access.intercept.FilterSecurityInterceptor@602f8f94]
2023-07-25 14:07:02 [INFO] [main] [s.d.s.w.PropertySourcedRequestMappingHandlerMapping][69]  Mapped URL path [/v2/api-docs] onto method [public org.springframework.http.ResponseEntity<springfox.documentation.spring.web.json.Json> springfox.documentation.swagger2.web.Swagger2Controller.getDocumentation(java.lang.String,javax.servlet.http.HttpServletRequest)]
2023-07-25 14:07:03 [INFO] [main] [o.s.w.s.h.SimpleUrlHandlerMapping][373]  Mapped URL path [/**/favicon.ico] onto handler of type [class org.springframework.web.servlet.resource.ResourceHttpRequestHandler]
2023-07-25 14:07:03 [INFO] [main] [o.s.w.s.m.m.a.RequestMappingHandlerAdapter][574]  Looking for @ControllerAdvice: org.springframework.boot.web.servlet.context.AnnotationConfigServletWebServerApplicationContext@2f1de2d6: startup date [Tue Jul 25 14:07:01 CST 2023]; root of context hierarchy
2023-07-25 14:07:03 [INFO] [main] [o.s.w.s.h.SimpleUrlHandlerMapping][373]  Mapped URL path [/webjars/**] onto handler of type [class org.springframework.web.servlet.resource.ResourceHttpRequestHandler]
2023-07-25 14:07:03 [INFO] [main] [o.s.w.s.h.SimpleUrlHandlerMapping][373]  Mapped URL path [/**] onto handler of type [class org.springframework.web.servlet.resource.ResourceHttpRequestHandler]
2023-07-25 14:07:03 [INFO] [main] [o.s.j.e.a.AnnotationMBeanExporter][433]  Registering beans for JMX exposure on startup
2023-07-25 14:07:03 [INFO] [main] [o.s.c.s.DefaultLifecycleProcessor][351]  Starting beans in phase 2147483647
2023-07-25 14:07:03 [INFO] [main] [s.d.s.w.p.DocumentationPluginsBootstrapper][160]  Context refreshed
2023-07-25 14:07:03 [INFO] [main] [s.d.s.w.p.DocumentationPluginsBootstrapper][163]  Found 1 custom documentation plugin(s)
2023-07-25 14:07:03 [INFO] [main] [s.d.s.w.s.ApiListingReferenceScanner][41]  Scanning for api listing references
2023-07-25 14:07:03 [INFO] [main] [o.a.c.h.Http11NioProtocol][180]  Starting ProtocolHandler ["http-nio-8080"]
2023-07-25 14:07:03 [INFO] [main] [o.a.t.u.n.NioSelectorPool][180]  Using a shared selector for servlet write/read
2023-07-25 14:07:03 [INFO] [main] [o.s.b.w.e.t.TomcatWebServer][206]  Tomcat started on port(s): 8080 (http) with context path ''
2023-07-25 14:07:03 [INFO] [main] [c.y.a.AutoClockApplication][59]  Started AutoClockApplication in 2.755 seconds (JVM running for 3.465)
2023-07-25 14:07:08 [INFO] [080-exec-1] [o.a.c.c.C.[.[.[/]][180]  Initializing Spring FrameworkServlet 'dispatcherServlet'
2023-07-25 14:07:08 [INFO] [080-exec-1] [o.s.w.s.DispatcherServlet][494]  FrameworkServlet 'dispatcherServlet': initialization started
2023-07-25 14:07:08 [INFO] [080-exec-1] [o.s.w.s.DispatcherServlet][509]  FrameworkServlet 'dispatcherServlet': initialization completed in 16 ms
2023-07-25 14:07:22 [INFO] [080-exec-9] [c.y.a.s.ClockServiceImpl][129]  userZhiClock:userClock{"address":"海南省海口市美兰区海甸四东路颐和花园C栋1002房","area":"美兰区","city":"海口市","country":"中国","deviceType":"","enable":true,"latitude":"20.054801","longitude":"110.343433","password":"Lh08181226","phone":"13647531961","province":"海南省","pushKey":"","signType":"START","type":"android"}
2023-07-25 14:07:23 [INFO] [080-exec-9] [c.y.a.s.ClockServiceImpl][133]  职家获取用户token:json:{"code":1001,"deviceId":"","data":{"token":"271ac1ee13218c1591891501001f51de1291181491381fb1"},"msg":"执行成功","currentpage":0,"pagesize":0,"totalcount":0,"pagecount":0},phon:13647531961
2023-07-25 14:07:23 [INFO] [080-exec-9] [c.y.a.s.ClockServiceImpl][136]  职家获取用户token:token:271ac1ee13218c1591891501001f51de1291181491381fb1
2023-07-25 14:36:41 [INFO] [main] [c.y.a.AutoClockApplication][50]  Starting AutoClockApplication on yanggu with PID 7656 (D:\yangdong\project\auto_clock\target\classes started by 86159 in D:\yangdong\project\auto_clock)
2023-07-25 14:36:41 [INFO] [main] [c.y.a.AutoClockApplication][659]  No active profile set, falling back to default profiles: default
2023-07-25 14:36:41 [INFO] [main] [o.s.b.w.s.c.AnnotationConfigServletWebServerApplicationContext][590]  Refreshing org.springframework.boot.web.servlet.context.AnnotationConfigServletWebServerApplicationContext@613a8ee1: startup date [Tue Jul 25 14:36:41 CST 2023]; root of context hierarchy
2023-07-25 14:36:42 [INFO] [main] [o.s.b.w.e.t.TomcatWebServer][91]  Tomcat initialized with port(s): 8080 (http)
2023-07-25 14:36:42 [INFO] [main] [o.a.c.h.Http11NioProtocol][180]  Initializing ProtocolHandler ["http-nio-8080"]
2023-07-25 14:36:42 [INFO] [main] [o.a.c.c.StandardService][180]  Starting service [Tomcat]
2023-07-25 14:36:42 [INFO] [main] [o.a.c.c.StandardEngine][180]  Starting Servlet Engine: Apache Tomcat/8.5.31
2023-07-25 14:36:42 [INFO] [tartStop-1] [o.a.c.c.AprLifecycleListener][180]  The APR based Apache Tomcat Native library which allows optimal performance in production environments was not found on the java.library.path: [C:\Program Files\Java\jdk1.8.0_161\bin;C:\WINDOWS\Sun\Java\bin;C:\WINDOWS\system32;C:\WINDOWS;C:\ProgramData\Oracle\Java\javapath;C:\Windows\system32;C:\Windows;C:\Windows\System32\Wbem;C:\Windows\System32\WindowsPowerShell\v1.0\;C:\Windows\System32\OpenSSH\;C:\Program Files (x86)\NVIDIA Corporation\PhysX\Common;C:\Program Files\NVIDIA Corporation\NVIDIA NvDLISR;C:\Program Files\Java\jdk1.8.0_161\bin;D:\WorkShangYou\tool\apache-maven-3.6.1-bin\apache-maven-3.6.1\bin;C:\WINDOWS\system32;C:\WINDOWS;C:\WINDOWS\System32\Wbem;C:\WINDOWS\System32\WindowsPowerShell\v1.0\;C:\WINDOWS\System32\OpenSSH\;C:\Program Files\Git\cmd;D:\WorkShangYou\tool\curl\curl-7.76.1-win64-mingw\I386;D:\WorkShangYou\tool\curl\curl-7.76.1-win64-mingw\lib;D:\WorkShangYou\tool\kubectl;D:\yangdong\project\Elasti\elasticsearch-5.5.1\bin;C:\Program Files\nodejs\;C:\Users\86159\AppData\Local\Programs\Python\Python311\Scripts\;C:\Users\86159\AppData\Local\Programs\Python\Python311\;C:\Users\86159\AppData\Local\Microsoft\WindowsApps;C:\Users\86159\AppData\Roaming\npm;;.]
2023-07-25 14:36:42 [INFO] [tartStop-1] [o.a.c.c.C.[.[.[/]][180]  Initializing Spring embedded WebApplicationContext
2023-07-25 14:36:42 [INFO] [tartStop-1] [o.s.w.c.ContextLoader][285]  Root WebApplicationContext: initialization completed in 1025 ms
2023-07-25 14:36:42 [INFO] [tartStop-1] [o.s.b.w.s.FilterRegistrationBean][244]  Mapping filter: 'characterEncodingFilter' to: [/*]
2023-07-25 14:36:42 [INFO] [tartStop-1] [o.s.b.w.s.FilterRegistrationBean][244]  Mapping filter: 'hiddenHttpMethodFilter' to: [/*]
2023-07-25 14:36:42 [INFO] [tartStop-1] [o.s.b.w.s.FilterRegistrationBean][244]  Mapping filter: 'httpPutFormContentFilter' to: [/*]
2023-07-25 14:36:42 [INFO] [tartStop-1] [o.s.b.w.s.FilterRegistrationBean][244]  Mapping filter: 'requestContextFilter' to: [/*]
2023-07-25 14:36:42 [INFO] [tartStop-1] [o.s.b.w.s.DelegatingFilterProxyRegistrationBean][244]  Mapping filter: 'springSecurityFilterChain' to: [/*]
2023-07-25 14:36:42 [INFO] [tartStop-1] [o.s.b.w.s.ServletRegistrationBean][185]  Servlet dispatcherServlet mapped to [/]
2023-07-25 14:36:42 [INFO] [main] [o.s.w.s.m.m.a.RequestMappingHandlerMapping][547]  Mapped "{[/clock/user//gong/operation],methods=[POST]}" onto public com.yang.auto.util.HttpResult com.yang.auto.controller.ClockController.userClock(com.yang.auto.entity.UserClock)
2023-07-25 14:36:42 [INFO] [main] [o.s.w.s.m.m.a.RequestMappingHandlerMapping][547]  Mapped "{[/clock/user/Records],methods=[POST]}" onto public com.yang.auto.util.HttpResult com.yang.auto.controller.ClockController.userRecords(com.yang.auto.entity.UserClock)
2023-07-25 14:36:42 [INFO] [main] [o.s.w.s.m.m.a.RequestMappingHandlerMapping][547]  Mapped "{[/clock/user/zhi/operation],methods=[POST]}" onto public com.yang.auto.util.HttpResult com.yang.auto.controller.ClockController.userZhiClock(com.yang.auto.entity.UserClock)
2023-07-25 14:36:42 [INFO] [main] [o.s.w.s.m.m.a.RequestMappingHandlerMapping][547]  Mapped "{[/swagger-resources/configuration/ui]}" onto public org.springframework.http.ResponseEntity<springfox.documentation.swagger.web.UiConfiguration> springfox.documentation.swagger.web.ApiResourceController.uiConfiguration()
2023-07-25 14:36:42 [INFO] [main] [o.s.w.s.m.m.a.RequestMappingHandlerMapping][547]  Mapped "{[/swagger-resources]}" onto public org.springframework.http.ResponseEntity<java.util.List<springfox.documentation.swagger.web.SwaggerResource>> springfox.documentation.swagger.web.ApiResourceController.swaggerResources()
2023-07-25 14:36:42 [INFO] [main] [o.s.w.s.m.m.a.RequestMappingHandlerMapping][547]  Mapped "{[/swagger-resources/configuration/security]}" onto public org.springframework.http.ResponseEntity<springfox.documentation.swagger.web.SecurityConfiguration> springfox.documentation.swagger.web.ApiResourceController.securityConfiguration()
2023-07-25 14:36:42 [INFO] [main] [o.s.w.s.m.m.a.RequestMappingHandlerMapping][547]  Mapped "{[/error]}" onto public org.springframework.http.ResponseEntity<java.util.Map<java.lang.String, java.lang.Object>> org.springframework.boot.autoconfigure.web.servlet.error.BasicErrorController.error(javax.servlet.http.HttpServletRequest)
2023-07-25 14:36:42 [INFO] [main] [o.s.w.s.m.m.a.RequestMappingHandlerMapping][547]  Mapped "{[/error],produces=[text/html]}" onto public org.springframework.web.servlet.ModelAndView org.springframework.boot.autoconfigure.web.servlet.error.BasicErrorController.errorHtml(javax.servlet.http.HttpServletRequest,javax.servlet.http.HttpServletResponse)
2023-07-25 14:36:43 [INFO] [main] [o.s.s.w.DefaultSecurityFilterChain][43]  Creating filter chain: org.springframework.security.web.util.matcher.AnyRequestMatcher@1, [org.springframework.security.web.context.request.async.WebAsyncManagerIntegrationFilter@5a08b084, org.springframework.security.web.context.SecurityContextPersistenceFilter@1e01b133, org.springframework.security.web.header.HeaderWriterFilter@3ece79fe, org.springframework.security.web.authentication.logout.LogoutFilter@648c5fb3, org.springframework.security.web.authentication.UsernamePasswordAuthenticationFilter@2047981, org.springframework.security.web.authentication.ui.DefaultLoginPageGeneratingFilter@33f2cfda, org.springframework.security.web.savedrequest.RequestCacheAwareFilter@262a1fad, org.springframework.security.web.servletapi.SecurityContextHolderAwareRequestFilter@4bb147ec, org.springframework.security.web.authentication.AnonymousAuthenticationFilter@235c997d, org.springframework.security.web.session.SessionManagementFilter@3cc79c02, org.springframework.security.web.access.ExceptionTranslationFilter@1de4bee0, org.springframework.security.web.access.intercept.FilterSecurityInterceptor@35adf623]
2023-07-25 14:36:43 [INFO] [main] [s.d.s.w.PropertySourcedRequestMappingHandlerMapping][69]  Mapped URL path [/v2/api-docs] onto method [public org.springframework.http.ResponseEntity<springfox.documentation.spring.web.json.Json> springfox.documentation.swagger2.web.Swagger2Controller.getDocumentation(java.lang.String,javax.servlet.http.HttpServletRequest)]
2023-07-25 14:36:43 [INFO] [main] [o.s.w.s.h.SimpleUrlHandlerMapping][373]  Mapped URL path [/**/favicon.ico] onto handler of type [class org.springframework.web.servlet.resource.ResourceHttpRequestHandler]
2023-07-25 14:36:43 [INFO] [main] [o.s.w.s.m.m.a.RequestMappingHandlerAdapter][574]  Looking for @ControllerAdvice: org.springframework.boot.web.servlet.context.AnnotationConfigServletWebServerApplicationContext@613a8ee1: startup date [Tue Jul 25 14:36:41 CST 2023]; root of context hierarchy
2023-07-25 14:36:43 [INFO] [main] [o.s.w.s.h.SimpleUrlHandlerMapping][373]  Mapped URL path [/webjars/**] onto handler of type [class org.springframework.web.servlet.resource.ResourceHttpRequestHandler]
2023-07-25 14:36:43 [INFO] [main] [o.s.w.s.h.SimpleUrlHandlerMapping][373]  Mapped URL path [/**] onto handler of type [class org.springframework.web.servlet.resource.ResourceHttpRequestHandler]
2023-07-25 14:36:43 [INFO] [main] [o.s.j.e.a.AnnotationMBeanExporter][433]  Registering beans for JMX exposure on startup
2023-07-25 14:36:43 [INFO] [main] [o.s.c.s.DefaultLifecycleProcessor][351]  Starting beans in phase 2147483647
2023-07-25 14:36:43 [INFO] [main] [s.d.s.w.p.DocumentationPluginsBootstrapper][160]  Context refreshed
2023-07-25 14:36:43 [INFO] [main] [s.d.s.w.p.DocumentationPluginsBootstrapper][163]  Found 1 custom documentation plugin(s)
2023-07-25 14:36:43 [INFO] [main] [s.d.s.w.s.ApiListingReferenceScanner][41]  Scanning for api listing references
2023-07-25 14:36:43 [INFO] [main] [o.a.c.h.Http11NioProtocol][180]  Starting ProtocolHandler ["http-nio-8080"]
2023-07-25 14:36:43 [INFO] [main] [o.a.t.u.n.NioSelectorPool][180]  Using a shared selector for servlet write/read
2023-07-25 14:36:43 [INFO] [main] [o.s.b.w.e.t.TomcatWebServer][206]  Tomcat started on port(s): 8080 (http) with context path ''
2023-07-25 14:36:43 [INFO] [main] [c.y.a.AutoClockApplication][59]  Started AutoClockApplication in 2.738 seconds (JVM running for 4.62)
2023-07-25 14:36:59 [INFO] [080-exec-1] [o.a.c.c.C.[.[.[/]][180]  Initializing Spring FrameworkServlet 'dispatcherServlet'
2023-07-25 14:36:59 [INFO] [080-exec-1] [o.s.w.s.DispatcherServlet][494]  FrameworkServlet 'dispatcherServlet': initialization started
2023-07-25 14:36:59 [INFO] [080-exec-1] [o.s.w.s.DispatcherServlet][509]  FrameworkServlet 'dispatcherServlet': initialization completed in 16 ms
2023-07-25 14:37:13 [INFO] [080-exec-2] [c.y.a.s.ClockServiceImpl][129]  userZhiClock:userClock{"address":"海南省海口市美兰区海甸四东路颐和花园C栋1002房","area":"美兰区","city":"海口市","country":"中国","deviceType":"","enable":true,"latitude":"20.054801","longitude":"110.343433","password":"Lh08181226","phone":"13647531961","province":"海南省","pushKey":"","signType":"START","type":"android"}
2023-07-25 14:37:14 [INFO] [080-exec-2] [c.y.a.s.ClockServiceImpl][133]  职家获取用户token:json:{"code":1001,"deviceId":"","data":{"token":"271ac1ee13218c1591891501001f51de1291181491381fb1"},"msg":"执行成功","currentpage":0,"pagesize":0,"totalcount":0,"pagecount":0},phon:13647531961
2023-07-25 14:37:14 [INFO] [080-exec-2] [c.y.a.s.ClockServiceImpl][136]  职家获取用户token:token:271ac1ee13218c1591891501001f51de1291181491381fb1
2023-07-25 14:37:14 [INFO] [080-exec-2] [c.y.a.s.ClockServiceImpl][150]  职家获取用户登录信息:json:{"code":1002,"deviceId":"","data":{},"msg":"手机号或密码错误","currentpage":0,"pagesize":0,"totalcount":0,"pagecount":0},phon:13647531961
2023-07-25 14:41:01 [INFO] [Thread-7] [o.s.b.w.s.c.AnnotationConfigServletWebServerApplicationContext][993]  Closing org.springframework.boot.web.servlet.context.AnnotationConfigServletWebServerApplicationContext@613a8ee1: startup date [Tue Jul 25 14:36:41 CST 2023]; root of context hierarchy
2023-07-25 14:41:01 [INFO] [Thread-7] [o.s.c.s.DefaultLifecycleProcessor][366]  Stopping beans in phase 2147483647
2023-07-25 14:41:01 [INFO] [Thread-7] [o.s.j.e.a.AnnotationMBeanExporter][451]  Unregistering JMX-exposed beans on shutdown
2023-07-25 14:47:32 [INFO] [main] [c.y.a.AutoClockApplication][50]  Starting AutoClockApplication on yanggu with PID 8056 (D:\yangdong\project\auto_clock\target\classes started by 86159 in D:\yangdong\project\auto_clock)
2023-07-25 14:47:32 [INFO] [main] [c.y.a.AutoClockApplication][659]  No active profile set, falling back to default profiles: default
2023-07-25 14:47:32 [INFO] [main] [o.s.b.w.s.c.AnnotationConfigServletWebServerApplicationContext][590]  Refreshing org.springframework.boot.web.servlet.context.AnnotationConfigServletWebServerApplicationContext@613a8ee1: startup date [Tue Jul 25 14:47:32 CST 2023]; root of context hierarchy
2023-07-25 14:47:33 [INFO] [main] [o.s.b.w.e.t.TomcatWebServer][91]  Tomcat initialized with port(s): 8080 (http)
2023-07-25 14:47:33 [INFO] [main] [o.a.c.h.Http11NioProtocol][180]  Initializing ProtocolHandler ["http-nio-8080"]
2023-07-25 14:47:33 [INFO] [main] [o.a.c.c.StandardService][180]  Starting service [Tomcat]
2023-07-25 14:47:33 [INFO] [main] [o.a.c.c.StandardEngine][180]  Starting Servlet Engine: Apache Tomcat/8.5.31
2023-07-25 14:47:33 [INFO] [tartStop-1] [o.a.c.c.AprLifecycleListener][180]  The APR based Apache Tomcat Native library which allows optimal performance in production environments was not found on the java.library.path: [C:\Program Files\Java\jdk1.8.0_161\bin;C:\WINDOWS\Sun\Java\bin;C:\WINDOWS\system32;C:\WINDOWS;C:\ProgramData\Oracle\Java\javapath;C:\Windows\system32;C:\Windows;C:\Windows\System32\Wbem;C:\Windows\System32\WindowsPowerShell\v1.0\;C:\Windows\System32\OpenSSH\;C:\Program Files (x86)\NVIDIA Corporation\PhysX\Common;C:\Program Files\NVIDIA Corporation\NVIDIA NvDLISR;C:\Program Files\Java\jdk1.8.0_161\bin;D:\WorkShangYou\tool\apache-maven-3.6.1-bin\apache-maven-3.6.1\bin;C:\WINDOWS\system32;C:\WINDOWS;C:\WINDOWS\System32\Wbem;C:\WINDOWS\System32\WindowsPowerShell\v1.0\;C:\WINDOWS\System32\OpenSSH\;C:\Program Files\Git\cmd;D:\WorkShangYou\tool\curl\curl-7.76.1-win64-mingw\I386;D:\WorkShangYou\tool\curl\curl-7.76.1-win64-mingw\lib;D:\WorkShangYou\tool\kubectl;D:\yangdong\project\Elasti\elasticsearch-5.5.1\bin;C:\Program Files\nodejs\;C:\Users\86159\AppData\Local\Programs\Python\Python311\Scripts\;C:\Users\86159\AppData\Local\Programs\Python\Python311\;C:\Users\86159\AppData\Local\Microsoft\WindowsApps;C:\Users\86159\AppData\Roaming\npm;;.]
2023-07-25 14:47:33 [INFO] [tartStop-1] [o.a.c.c.C.[.[.[/]][180]  Initializing Spring embedded WebApplicationContext
2023-07-25 14:47:33 [INFO] [tartStop-1] [o.s.w.c.ContextLoader][285]  Root WebApplicationContext: initialization completed in 1097 ms
2023-07-25 14:47:33 [INFO] [tartStop-1] [o.s.b.w.s.FilterRegistrationBean][244]  Mapping filter: 'characterEncodingFilter' to: [/*]
2023-07-25 14:47:33 [INFO] [tartStop-1] [o.s.b.w.s.FilterRegistrationBean][244]  Mapping filter: 'hiddenHttpMethodFilter' to: [/*]
2023-07-25 14:47:33 [INFO] [tartStop-1] [o.s.b.w.s.FilterRegistrationBean][244]  Mapping filter: 'httpPutFormContentFilter' to: [/*]
2023-07-25 14:47:33 [INFO] [tartStop-1] [o.s.b.w.s.FilterRegistrationBean][244]  Mapping filter: 'requestContextFilter' to: [/*]
2023-07-25 14:47:33 [INFO] [tartStop-1] [o.s.b.w.s.DelegatingFilterProxyRegistrationBean][244]  Mapping filter: 'springSecurityFilterChain' to: [/*]
2023-07-25 14:47:33 [INFO] [tartStop-1] [o.s.b.w.s.ServletRegistrationBean][185]  Servlet dispatcherServlet mapped to [/]
2023-07-25 14:47:33 [INFO] [main] [o.s.w.s.m.m.a.RequestMappingHandlerMapping][547]  Mapped "{[/clock/user//gong/operation],methods=[POST]}" onto public com.yang.auto.util.HttpResult com.yang.auto.controller.ClockController.userClock(com.yang.auto.entity.UserClock)
2023-07-25 14:47:33 [INFO] [main] [o.s.w.s.m.m.a.RequestMappingHandlerMapping][547]  Mapped "{[/clock/user/Records],methods=[POST]}" onto public com.yang.auto.util.HttpResult com.yang.auto.controller.ClockController.userRecords(com.yang.auto.entity.UserClock)
2023-07-25 14:47:33 [INFO] [main] [o.s.w.s.m.m.a.RequestMappingHandlerMapping][547]  Mapped "{[/clock/user/zhi/operation],methods=[POST]}" onto public com.yang.auto.util.HttpResult com.yang.auto.controller.ClockController.userZhiClock(com.yang.auto.entity.UserClock)
2023-07-25 14:47:33 [INFO] [main] [o.s.w.s.m.m.a.RequestMappingHandlerMapping][547]  Mapped "{[/swagger-resources]}" onto public org.springframework.http.ResponseEntity<java.util.List<springfox.documentation.swagger.web.SwaggerResource>> springfox.documentation.swagger.web.ApiResourceController.swaggerResources()
2023-07-25 14:47:33 [INFO] [main] [o.s.w.s.m.m.a.RequestMappingHandlerMapping][547]  Mapped "{[/swagger-resources/configuration/ui]}" onto public org.springframework.http.ResponseEntity<springfox.documentation.swagger.web.UiConfiguration> springfox.documentation.swagger.web.ApiResourceController.uiConfiguration()
2023-07-25 14:47:33 [INFO] [main] [o.s.w.s.m.m.a.RequestMappingHandlerMapping][547]  Mapped "{[/swagger-resources/configuration/security]}" onto public org.springframework.http.ResponseEntity<springfox.documentation.swagger.web.SecurityConfiguration> springfox.documentation.swagger.web.ApiResourceController.securityConfiguration()
2023-07-25 14:47:33 [INFO] [main] [o.s.w.s.m.m.a.RequestMappingHandlerMapping][547]  Mapped "{[/error]}" onto public org.springframework.http.ResponseEntity<java.util.Map<java.lang.String, java.lang.Object>> org.springframework.boot.autoconfigure.web.servlet.error.BasicErrorController.error(javax.servlet.http.HttpServletRequest)
2023-07-25 14:47:33 [INFO] [main] [o.s.w.s.m.m.a.RequestMappingHandlerMapping][547]  Mapped "{[/error],produces=[text/html]}" onto public org.springframework.web.servlet.ModelAndView org.springframework.boot.autoconfigure.web.servlet.error.BasicErrorController.errorHtml(javax.servlet.http.HttpServletRequest,javax.servlet.http.HttpServletResponse)
2023-07-25 14:47:33 [INFO] [main] [o.s.s.w.DefaultSecurityFilterChain][43]  Creating filter chain: org.springframework.security.web.util.matcher.AnyRequestMatcher@1, [org.springframework.security.web.context.request.async.WebAsyncManagerIntegrationFilter@2ba42204, org.springframework.security.web.context.SecurityContextPersistenceFilter@2a4f8009, org.springframework.security.web.header.HeaderWriterFilter@6af5b246, org.springframework.security.web.authentication.logout.LogoutFilter@1a1ccaaf, org.springframework.security.web.authentication.UsernamePasswordAuthenticationFilter@5348d83c, org.springframework.security.web.authentication.ui.DefaultLoginPageGeneratingFilter@2b44d6d0, org.springframework.security.web.savedrequest.RequestCacheAwareFilter@8054fe2, org.springframework.security.web.servletapi.SecurityContextHolderAwareRequestFilter@23cd5d42, org.springframework.security.web.authentication.AnonymousAuthenticationFilter@285005b8, org.springframework.security.web.session.SessionManagementFilter@2401856, org.springframework.security.web.access.ExceptionTranslationFilter@ea7a4c3, org.springframework.security.web.access.intercept.FilterSecurityInterceptor@39da5e49]
2023-07-25 14:47:33 [INFO] [main] [s.d.s.w.PropertySourcedRequestMappingHandlerMapping][69]  Mapped URL path [/v2/api-docs] onto method [public org.springframework.http.ResponseEntity<springfox.documentation.spring.web.json.Json> springfox.documentation.swagger2.web.Swagger2Controller.getDocumentation(java.lang.String,javax.servlet.http.HttpServletRequest)]
2023-07-25 14:47:34 [INFO] [main] [o.s.w.s.h.SimpleUrlHandlerMapping][373]  Mapped URL path [/**/favicon.ico] onto handler of type [class org.springframework.web.servlet.resource.ResourceHttpRequestHandler]
2023-07-25 14:47:34 [INFO] [main] [o.s.w.s.m.m.a.RequestMappingHandlerAdapter][574]  Looking for @ControllerAdvice: org.springframework.boot.web.servlet.context.AnnotationConfigServletWebServerApplicationContext@613a8ee1: startup date [Tue Jul 25 14:47:32 CST 2023]; root of context hierarchy
2023-07-25 14:47:34 [INFO] [main] [o.s.w.s.h.SimpleUrlHandlerMapping][373]  Mapped URL path [/webjars/**] onto handler of type [class org.springframework.web.servlet.resource.ResourceHttpRequestHandler]
2023-07-25 14:47:34 [INFO] [main] [o.s.w.s.h.SimpleUrlHandlerMapping][373]  Mapped URL path [/**] onto handler of type [class org.springframework.web.servlet.resource.ResourceHttpRequestHandler]
2023-07-25 14:47:34 [INFO] [main] [o.s.j.e.a.AnnotationMBeanExporter][433]  Registering beans for JMX exposure on startup
2023-07-25 14:47:34 [INFO] [main] [o.s.c.s.DefaultLifecycleProcessor][351]  Starting beans in phase 2147483647
2023-07-25 14:47:34 [INFO] [main] [s.d.s.w.p.DocumentationPluginsBootstrapper][160]  Context refreshed
2023-07-25 14:47:34 [INFO] [main] [s.d.s.w.p.DocumentationPluginsBootstrapper][163]  Found 1 custom documentation plugin(s)
2023-07-25 14:47:34 [INFO] [main] [s.d.s.w.s.ApiListingReferenceScanner][41]  Scanning for api listing references
2023-07-25 14:47:34 [INFO] [main] [o.a.c.h.Http11NioProtocol][180]  Starting ProtocolHandler ["http-nio-8080"]
2023-07-25 14:47:34 [INFO] [main] [o.a.t.u.n.NioSelectorPool][180]  Using a shared selector for servlet write/read
2023-07-25 14:47:34 [INFO] [main] [o.s.b.w.e.t.TomcatWebServer][206]  Tomcat started on port(s): 8080 (http) with context path ''
2023-07-25 14:47:34 [INFO] [main] [c.y.a.AutoClockApplication][59]  Started AutoClockApplication in 2.961 seconds (JVM running for 3.735)
2023-07-25 14:47:47 [INFO] [080-exec-1] [o.a.c.c.C.[.[.[/]][180]  Initializing Spring FrameworkServlet 'dispatcherServlet'
2023-07-25 14:47:47 [INFO] [080-exec-1] [o.s.w.s.DispatcherServlet][494]  FrameworkServlet 'dispatcherServlet': initialization started
2023-07-25 14:47:47 [INFO] [080-exec-1] [o.s.w.s.DispatcherServlet][509]  FrameworkServlet 'dispatcherServlet': initialization completed in 18 ms
2023-07-25 14:48:00 [INFO] [080-exec-8] [c.y.a.s.ClockServiceImpl][131]  userZhiClock:userClock{"address":"海南省海口市美兰区海甸四东路颐和花园C栋1002房","area":"美兰区","city":"海口市","country":"中国","deviceType":"","enable":true,"latitude":"20.054801","longitude":"110.343433","password":"Lh08181226","phone":"13647531961","province":"海南省","pushKey":"","signType":"START","type":"android"}
2023-07-25 14:48:01 [INFO] [080-exec-8] [c.y.a.s.ClockServiceImpl][135]  职家获取用户token:json:{"code":1001,"deviceId":"","data":{"token":"271ac1ee13218c1591891501001f51de1291181491381fb1"},"msg":"执行成功","currentpage":0,"pagesize":0,"totalcount":0,"pagecount":0},phon:13647531961
2023-07-25 14:48:01 [INFO] [080-exec-8] [c.y.a.s.ClockServiceImpl][138]  职家获取用户token:token:271ac1ee13218c1591891501001f51de1291181491381fb1
2023-07-25 14:48:01 [INFO] [080-exec-8] [c.y.a.s.ClockServiceImpl][152]  职家获取用户登录信息:json:{"code":1002,"deviceId":"","data":{},"msg":"手机号或密码错误","currentpage":0,"pagesize":0,"totalcount":0,"pagecount":0},phon:13647531961
2023-07-25 15:05:52 [INFO] [Thread-7] [o.s.b.w.s.c.AnnotationConfigServletWebServerApplicationContext][993]  Closing org.springframework.boot.web.servlet.context.AnnotationConfigServletWebServerApplicationContext@613a8ee1: startup date [Tue Jul 25 14:47:32 CST 2023]; root of context hierarchy
2023-07-25 15:05:52 [INFO] [Thread-7] [o.s.c.s.DefaultLifecycleProcessor][366]  Stopping beans in phase 2147483647
2023-07-25 15:05:52 [INFO] [Thread-7] [o.s.j.e.a.AnnotationMBeanExporter][451]  Unregistering JMX-exposed beans on shutdown
